  imgui.cpp
  imgui_demo.cpp
  imgui_draw.cpp
  imgui_impl_dx9.cpp
  imgui_impl_win32.cpp
  imgui_tables.cpp
  imgui_widgets.cpp
  interception.cpp
  main.cpp
C:\Users\pampe\Downloads\apex_[unknowncheats.me]_\km\driver.h(38,16): warning C4091: 'typedef ': ignored on left of '_MU' when no variable is declared
  (compiling source file 'main.cpp')
  
C:\Users\pampe\Downloads\apex_[unknowncheats.me]_\km\driver.h(66,31): warning C4129: 's': unrecognized character escape sequence
  (compiling source file 'main.cpp')
  
C:\Users\pampe\Downloads\apex_[unknowncheats.me]_\overlay\overlay.hpp(83,7): warning C4101: 'overlaywindow': unreferenced local variable
  (compiling source file 'main.cpp')
  
C:\Users\pampe\Downloads\apex_[unknowncheats.me]_\overlay\overlay.hpp(120,31): warning C4129: 'F': unrecognized character escape sequence
  (compiling source file 'main.cpp')
  
C:\Users\pampe\Downloads\apex_[unknowncheats.me]_\game\sdk.hpp(247,10): warning C4244: 'initializing': conversion from 'int' to 'float', possible loss of data
  (compiling source file 'main.cpp')
  
C:\Users\pampe\Downloads\apex_[unknowncheats.me]_\game\sdk.hpp(248,10): warning C4244: 'initializing': conversion from 'int' to 'float', possible loss of data
  (compiling source file 'main.cpp')
  
C:\Users\pampe\Downloads\apex_[unknowncheats.me]_\game\sdk.hpp(726,87): warning C4244: 'argument': conversion from 'int' to 'float', possible loss of data
  (compiling source file 'main.cpp')
  
C:\Users\pampe\Downloads\apex_[unknowncheats.me]_\game\sdk.hpp(726,68): warning C4244: 'argument': conversion from 'int' to 'float', possible loss of data
  (compiling source file 'main.cpp')
  
C:\Users\pampe\Downloads\apex_[unknowncheats.me]_\game\sdk.hpp(726,63): warning C4244: 'argument': conversion from 'int' to 'float', possible loss of data
  (compiling source file 'main.cpp')
  
C:\Users\pampe\Downloads\apex_[unknowncheats.me]_\game\sdk.hpp(726,52): warning C4244: 'argument': conversion from 'int' to 'float', possible loss of data
  (compiling source file 'main.cpp')
  
C:\Users\pampe\Downloads\apex_[unknowncheats.me]_\game\sdk.hpp(726,49): warning C4244: 'argument': conversion from 'int' to 'float', possible loss of data
  (compiling source file 'main.cpp')
  
C:\Users\pampe\Downloads\apex_[unknowncheats.me]_\game\sdk.hpp(727,87): warning C4244: 'argument': conversion from 'int' to 'float', possible loss of data
  (compiling source file 'main.cpp')
  
C:\Users\pampe\Downloads\apex_[unknowncheats.me]_\game\sdk.hpp(727,76): warning C4244: 'argument': conversion from 'int' to 'float', possible loss of data
  (compiling source file 'main.cpp')
  
C:\Users\pampe\Downloads\apex_[unknowncheats.me]_\game\sdk.hpp(727,65): warning C4244: 'argument': conversion from 'int' to 'float', possible loss of data
  (compiling source file 'main.cpp')
  
C:\Users\pampe\Downloads\apex_[unknowncheats.me]_\game\sdk.hpp(727,52): warning C4244: 'argument': conversion from 'int' to 'float', possible loss of data
  (compiling source file 'main.cpp')
  
C:\Users\pampe\Downloads\apex_[unknowncheats.me]_\game\sdk.hpp(727,49): warning C4244: 'argument': conversion from 'int' to 'float', possible loss of data
  (compiling source file 'main.cpp')
  
C:\Users\pampe\Downloads\apex_[unknowncheats.me]_\game\sdk.hpp(728,95): warning C4244: 'argument': conversion from 'int' to 'float', possible loss of data
  (compiling source file 'main.cpp')
  
C:\Users\pampe\Downloads\apex_[unknowncheats.me]_\game\sdk.hpp(728,84): warning C4244: 'argument': conversion from 'int' to 'float', possible loss of data
  (compiling source file 'main.cpp')
  
C:\Users\pampe\Downloads\apex_[unknowncheats.me]_\game\sdk.hpp(728,79): warning C4244: 'argument': conversion from 'int' to 'float', possible loss of data
  (compiling source file 'main.cpp')
  
C:\Users\pampe\Downloads\apex_[unknowncheats.me]_\game\sdk.hpp(728,66): warning C4244: 'argument': conversion from 'int' to 'float', possible loss of data
  (compiling source file 'main.cpp')
  
C:\Users\pampe\Downloads\apex_[unknowncheats.me]_\game\sdk.hpp(728,55): warning C4244: 'argument': conversion from 'int' to 'float', possible loss of data
  (compiling source file 'main.cpp')
  
C:\Users\pampe\Downloads\apex_[unknowncheats.me]_\game\sdk.hpp(729,95): warning C4244: 'argument': conversion from 'int' to 'float', possible loss of data
  (compiling source file 'main.cpp')
  
C:\Users\pampe\Downloads\apex_[unknowncheats.me]_\game\sdk.hpp(729,76): warning C4244: 'argument': conversion from 'int' to 'float', possible loss of data
  (compiling source file 'main.cpp')
  
C:\Users\pampe\Downloads\apex_[unknowncheats.me]_\game\sdk.hpp(729,69): warning C4244: 'argument': conversion from 'int' to 'float', possible loss of data
  (compiling source file 'main.cpp')
  
C:\Users\pampe\Downloads\apex_[unknowncheats.me]_\game\sdk.hpp(729,56): warning C4244: 'argument': conversion from 'int' to 'float', possible loss of data
  (compiling source file 'main.cpp')
  
C:\Users\pampe\Downloads\apex_[unknowncheats.me]_\game\sdk.hpp(729,51): warning C4244: 'argument': conversion from 'int' to 'float', possible loss of data
  (compiling source file 'main.cpp')
  
C:\Users\pampe\Downloads\apex_[unknowncheats.me]_\game\sdk.hpp(730,95): warning C4244: 'argument': conversion from 'int' to 'float', possible loss of data
  (compiling source file 'main.cpp')
  
C:\Users\pampe\Downloads\apex_[unknowncheats.me]_\game\sdk.hpp(730,82): warning C4244: 'argument': conversion from 'int' to 'float', possible loss of data
  (compiling source file 'main.cpp')
  
C:\Users\pampe\Downloads\apex_[unknowncheats.me]_\game\sdk.hpp(730,77): warning C4244: 'argument': conversion from 'int' to 'float', possible loss of data
  (compiling source file 'main.cpp')
  
C:\Users\pampe\Downloads\apex_[unknowncheats.me]_\game\sdk.hpp(730,58): warning C4244: 'argument': conversion from 'int' to 'float', possible loss of data
  (compiling source file 'main.cpp')
  
C:\Users\pampe\Downloads\apex_[unknowncheats.me]_\game\sdk.hpp(730,49): warning C4244: 'argument': conversion from 'int' to 'float', possible loss of data
  (compiling source file 'main.cpp')
  
C:\Users\pampe\Downloads\apex_[unknowncheats.me]_\game\sdk.hpp(731,95): warning C4244: 'argument': conversion from 'int' to 'float', possible loss of data
  (compiling source file 'main.cpp')
  
C:\Users\pampe\Downloads\apex_[unknowncheats.me]_\game\sdk.hpp(731,82): warning C4244: 'argument': conversion from 'int' to 'float', possible loss of data
  (compiling source file 'main.cpp')
  
C:\Users\pampe\Downloads\apex_[unknowncheats.me]_\game\sdk.hpp(731,69): warning C4244: 'argument': conversion from 'int' to 'float', possible loss of data
  (compiling source file 'main.cpp')
  
C:\Users\pampe\Downloads\apex_[unknowncheats.me]_\game\sdk.hpp(731,54): warning C4244: 'argument': conversion from 'int' to 'float', possible loss of data
  (compiling source file 'main.cpp')
  
C:\Users\pampe\Downloads\apex_[unknowncheats.me]_\game\sdk.hpp(731,49): warning C4244: 'argument': conversion from 'int' to 'float', possible loss of data
  (compiling source file 'main.cpp')
  
C:\Users\pampe\Downloads\apex_[unknowncheats.me]_\game\sdk.hpp(732,103): warning C4244: 'argument': conversion from 'int' to 'float', possible loss of data
  (compiling source file 'main.cpp')
  
C:\Users\pampe\Downloads\apex_[unknowncheats.me]_\game\sdk.hpp(732,90): warning C4244: 'argument': conversion from 'int' to 'float', possible loss of data
  (compiling source file 'main.cpp')
  
C:\Users\pampe\Downloads\apex_[unknowncheats.me]_\game\sdk.hpp(732,83): warning C4244: 'argument': conversion from 'int' to 'float', possible loss of data
  (compiling source file 'main.cpp')
  
C:\Users\pampe\Downloads\apex_[unknowncheats.me]_\game\sdk.hpp(732,68): warning C4244: 'argument': conversion from 'int' to 'float', possible loss of data
  (compiling source file 'main.cpp')
  
C:\Users\pampe\Downloads\apex_[unknowncheats.me]_\game\sdk.hpp(732,55): warning C4244: 'argument': conversion from 'int' to 'float', possible loss of data
  (compiling source file 'main.cpp')
  
C:\Users\pampe\Downloads\apex_[unknowncheats.me]_\game\sdk.hpp(733,103): warning C4244: 'argument': conversion from 'int' to 'float', possible loss of data
  (compiling source file 'main.cpp')
  
C:\Users\pampe\Downloads\apex_[unknowncheats.me]_\game\sdk.hpp(733,90): warning C4244: 'argument': conversion from 'int' to 'float', possible loss of data
  (compiling source file 'main.cpp')
  
C:\Users\pampe\Downloads\apex_[unknowncheats.me]_\game\sdk.hpp(733,83): warning C4244: 'argument': conversion from 'int' to 'float', possible loss of data
  (compiling source file 'main.cpp')
  
C:\Users\pampe\Downloads\apex_[unknowncheats.me]_\game\sdk.hpp(733,62): warning C4244: 'argument': conversion from 'int' to 'float', possible loss of data
  (compiling source file 'main.cpp')
  
C:\Users\pampe\Downloads\apex_[unknowncheats.me]_\game\sdk.hpp(733,51): warning C4244: 'argument': conversion from 'int' to 'float', possible loss of data
  (compiling source file 'main.cpp')
  
C:\Users\pampe\Downloads\apex_[unknowncheats.me]_\game\sdk.hpp(810,12): warning C4244: '=': conversion from 'float' to 'int', possible loss of data
  (compiling source file 'main.cpp')
  
C:\Users\pampe\Downloads\apex_[unknowncheats.me]_\game\sdk.hpp(811,11): warning C4244: '=': conversion from 'float' to 'int', possible loss of data
  (compiling source file 'main.cpp')
  
C:\Users\pampe\Downloads\apex_[unknowncheats.me]_\game\sdk.hpp(812,13): warning C4244: '=': conversion from 'float' to 'int', possible loss of data
  (compiling source file 'main.cpp')
  
C:\Users\pampe\Downloads\apex_[unknowncheats.me]_\game\sdk.hpp(813,14): warning C4244: '=': conversion from 'float' to 'int', possible loss of data
  (compiling source file 'main.cpp')
  
C:\Users\pampe\Downloads\apex_[unknowncheats.me]_\game\sdk.hpp(818,18): warning C4244: '=': conversion from 'float' to 'int', possible loss of data
  (compiling source file 'main.cpp')
  
C:\Users\pampe\Downloads\apex_[unknowncheats.me]_\game\sdk.hpp(820,20): warning C4244: '=': conversion from 'float' to 'int', possible loss of data
  (compiling source file 'main.cpp')
  
C:\Users\pampe\Downloads\apex_[unknowncheats.me]_\game\sdk.hpp(822,19): warning C4244: '=': conversion from 'float' to 'int', possible loss of data
  (compiling source file 'main.cpp')
  
C:\Users\pampe\Downloads\apex_[unknowncheats.me]_\game\sdk.hpp(824,17): warning C4244: '=': conversion from 'float' to 'int', possible loss of data
  (compiling source file 'main.cpp')
  
C:\Users\pampe\Downloads\apex_[unknowncheats.me]_\game\loop.hpp(296,21): warning C4244: 'argument': conversion from 'float' to 'int', possible loss of data
  (compiling source file 'main.cpp')
  
C:\Users\pampe\Downloads\apex_[unknowncheats.me]_\game\loop.hpp(296,17): warning C4244: 'argument': conversion from 'float' to 'int', possible loss of data
  (compiling source file 'main.cpp')
  
C:\Users\pampe\Downloads\apex_[unknowncheats.me]_\game\loop.hpp(395,153): warning C4244: 'argument': conversion from 'int' to 'float', possible loss of data
  (compiling source file 'main.cpp')
  
C:\Users\pampe\Downloads\apex_[unknowncheats.me]_\game\loop.hpp(466,101): warning C4244: 'argument': conversion from 'float' to 'int', possible loss of data
  (compiling source file 'main.cpp')
  
C:\Users\pampe\Downloads\apex_[unknowncheats.me]_\game\loop.hpp(466,67): warning C4244: 'argument': conversion from 'float' to 'int', possible loss of data
  (compiling source file 'main.cpp')
  
C:\Users\pampe\Downloads\apex_[unknowncheats.me]_\game\loop.hpp(466,56): warning C4244: 'argument': conversion from 'float' to 'int', possible loss of data
  (compiling source file 'main.cpp')
  
C:\Users\pampe\Downloads\apex_[unknowncheats.me]_\game\loop.hpp(466,52): warning C4244: 'argument': conversion from 'float' to 'int', possible loss of data
  (compiling source file 'main.cpp')
  
C:\Users\pampe\Downloads\apex_[unknowncheats.me]_\game\loop.hpp(466,29): warning C4244: 'argument': conversion from 'float' to 'int', possible loss of data
  (compiling source file 'main.cpp')
  
C:\Users\pampe\Downloads\apex_[unknowncheats.me]_\game\loop.hpp(472,14): warning C4244: 'initializing': conversion from 'float' to 'int', possible loss of data
  (compiling source file 'main.cpp')
  
C:\Users\pampe\Downloads\apex_[unknowncheats.me]_\game\loop.hpp(474,80): warning C4244: 'argument': conversion from 'int' to 'float', possible loss of data
  (compiling source file 'main.cpp')
  
C:\Users\pampe\Downloads\apex_[unknowncheats.me]_\game\loop.hpp(475,80): warning C4244: 'argument': conversion from 'int' to 'float', possible loss of data
  (compiling source file 'main.cpp')
  
C:\Users\pampe\Downloads\apex_[unknowncheats.me]_\game\loop.hpp(480,14): warning C4244: 'initializing': conversion from 'float' to 'int', possible loss of data
  (compiling source file 'main.cpp')
  
C:\Users\pampe\Downloads\apex_[unknowncheats.me]_\game\loop.hpp(484,83): warning C4244: 'argument': conversion from 'int' to 'float', possible loss of data
  (compiling source file 'main.cpp')
  
C:\Users\pampe\Downloads\apex_[unknowncheats.me]_\game\loop.hpp(485,83): warning C4244: 'argument': conversion from 'int' to 'float', possible loss of data
  (compiling source file 'main.cpp')
  
C:\Users\pampe\Downloads\apex_[unknowncheats.me]_\game\loop.hpp(552,36): warning C4244: 'argument': conversion from 'float' to 'int', possible loss of data
  (compiling source file 'main.cpp')
  
C:\Users\pampe\Downloads\apex_[unknowncheats.me]_\game\loop.hpp(552,22): warning C4244: 'argument': conversion from 'float' to 'int', possible loss of data
  (compiling source file 'main.cpp')
  
C:\Users\pampe\Downloads\apex_[unknowncheats.me]_\main.cpp(163,6): warning C4326: return type of 'main' should be 'int' instead of 'void'
  Generating Code...
C:\Users\pampe\Downloads\apex_[unknowncheats.me]_\game\sdk.hpp(828,1): warning C4715: 'create_box': not all control paths return a value
     Creating library C:\Users\pampe\Downloads\apex_[unknowncheats.me]_\x64\Release\apex.lib and object C:\Users\pampe\Downloads\apex_[unknowncheats.me]_\x64\Release\apex.exp
  apex.vcxproj -> C:\Users\pampe\Downloads\apex_[unknowncheats.me]_\x64\Release\apex.exe
